<?xml version="1.0" encoding="UTF-8"?>
<!-- Generated by org.testng.reporters.JUnitXMLReporter -->
<testsuite ignored="0" hostname="Vishnus-MacBook-Pro.local" failures="0" tests="5" name="Test" time="49.957" errors="0" timestamp="2024-05-24T13:55:33 GST">
  <testcase classname="testscript.ManagePageTest" name="veryfyingDeleteButtonUnderManagePages" time="0.097">
    <skipped/>
  </testcase> <!-- veryfyingDeleteButtonUnderManagePages -->
  <testcase classname="testscript.ManageNewsTest" name="verifyingIfUserisAbleToAddNewsUnderManageNews" time="0.129">
    <skipped/>
  </testcase> <!-- verifyingIfUserisAbleToAddNewsUnderManageNews -->
  <testcase classname="testscript.ManagePageTest" name="veryfyingDeleteButtonUnderManagePages" time="2.712">
    <skipped/>
  </testcase> <!-- veryfyingDeleteButtonUnderManagePages -->
  <testcase classname="testscript.ManageNewsTest" name="verifyingIfUserisAbleToAddNewsUnderManageNews" time="18.341"/>
  <testcase classname="testscript.ManagePageTest" name="veryfyingDeleteButtonUnderManagePages" time="14.068"/>
</testsuite> <!-- Test -->
