<?xml version="1.0" encoding="UTF-8"?>
<!-- Generated by org.testng.reporters.JUnitXMLReporter -->
<testsuite ignored="0" hostname="Vishnus-MacBook-Pro.local" failures="1" tests="1" name="testng" time="10.554" errors="0" timestamp="2024-05-21T12:41:53 GST">
  <testcase classname="testscript.AdminUsersTest" name="verifyingIfUserisAbleToAddNewEntryInAdminUsersPage" time="0.01">
    <failure type="java.lang.Error" message="Unresolved compilation problem: 
	The method assertTrue(String, boolean) in the type AssertJUnit is not applicable for the arguments (boolean, String)
">
      <![CDATA[java.lang.Error: Unresolved compilation problem: 
The method assertTrue(String, boolean) in the type AssertJUnit is not applicable for the arguments (boolean, String)

at testscript.AdminUsersTest.verifyingIfUserisAbleToAddNewEntryInAdminUsersPage(AdminUsersTest.java:44)
at java.base/java.util.ArrayList.forEach(ArrayList.java:1511)
... Removed 27 stack frames]]>
    </failure>
  </testcase> <!-- verifyingIfUserisAbleToAddNewEntryInAdminUsersPage -->
</testsuite> <!-- testng -->
