<?xml version="1.0" encoding="UTF-8"?>
<testng-results ignored="0" total="1" passed="1" failed="0" skipped="0">
  <reporter-output>
  </reporter-output>
  <suite started-at="2024-05-20T11:55:38 GST" name="Default suite" finished-at="2024-05-20T11:55:54 GST" duration-ms="16506">
    <groups>
    </groups>
    <test started-at="2024-05-20T11:55:38 GST" name="Default test" finished-at="2024-05-20T11:55:54 GST" duration-ms="16506">
      <class name="testscript.ManageContactTest">
        <test-method is-config="true" signature="initializeBrowser()[pri:0, instance:testscript.ManageContactTest@a530d0a]" started-at="2024-05-20T11:55:38 GST" name="initializeBrowser" finished-at="2024-05-20T11:55:47 GST" duration-ms="9337" status="PASS">
          <reporter-output>
          </reporter-output>
        </test-method> <!-- initializeBrowser -->
        <test-method signature="verifyingEditEmailUnderManageContact()[pri:0, instance:testscript.ManageContactTest@a530d0a]" started-at="2024-05-20T11:55:47 GST" name="verifyingEditEmailUnderManageContact" finished-at="2024-05-20T11:55:54 GST" duration-ms="7127" status="PASS">
          <reporter-output>
          </reporter-output>
        </test-method> <!-- verifyingEditEmailUnderManageContact -->
        <test-method is-config="true" signature="driverQuitAndClose()[pri:0, instance:testscript.ManageContactTest@a530d0a]" started-at="2024-05-20T11:55:54 GST" name="driverQuitAndClose" finished-at="2024-05-20T11:55:54 GST" duration-ms="1" status="PASS">
          <reporter-output>
          </reporter-output>
        </test-method> <!-- driverQuitAndClose -->
      </class> <!-- testscript.ManageContactTest -->
    </test> <!-- Default test -->
  </suite> <!-- Default suite -->
</testng-results>
